<?xml version="1.0" encoding="UTF-8"?>
<testsuite name="com.daeseonbae.DSBBackend.DsbBackendApplicationTests" tests="1" skipped="0" failures="0" errors="0" timestamp="2024-04-01T02:42:45" hostname="gimdonghyeon-ui-MacBookAir.local" time="0.403">
  <properties/>
  <testcase name="contextLoads()" classname="com.daeseonbae.DSBBackend.DsbBackendApplicationTests" time="0.403"/>
  <system-out><![CDATA[11:42:44.497 [Test worker] INFO org.springframework.test.context.support.AnnotationConfigContextLoaderUtils -- Could not detect default configuration classes for test class [com.daeseonbae.DSBBackend.DsbBackendApplicationTests]: DsbBackendApplicationTests does not declare any static, non-private, non-final, nested classes annotated with @Configuration.
11:42:44.537 [Test worker] INFO org.springframework.boot.test.context.SpringBootTestContextBootstrapper -- Found @SpringBootConfiguration com.daeseonbae.DSBBackend.DsbBackendApplication for test class com.daeseonbae.DSBBackend.DsbBackendApplicationTests

  .   ____          _            __ _ _
 /\\ / ___'_ __ _ _(_)_ __  __ _ \ \ \ \
( ( )\___ | '_ | '_| | '_ \/ _` | \ \ \ \
 \\/  ___)| |_)| | | | | || (_| |  ) ) ) )
  '  |____| .__|_| |_|_| |_\__, | / / / /
 =========|_|==============|___/=/_/_/_/
 :: Spring Boot ::                (v3.2.4)

2024-04-01T11:42:44.692+09:00  INFO 67346 --- [DSBBackend] [    Test worker] c.d.D.DsbBackendApplicationTests         : Starting DsbBackendApplicationTests using Java 17.0.6 with PID 67346 (started by kimdonghyun in /Users/kimdonghyun/Documents/GitHub/backend)
2024-04-01T11:42:44.693+09:00  INFO 67346 --- [DSBBackend] [    Test worker] c.d.D.DsbBackendApplicationTests         : No active profile set, falling back to 1 default profile: "default"
2024-04-01T11:42:45.114+09:00  INFO 67346 --- [DSBBackend] [    Test worker] c.d.D.DsbBackendApplicationTests         : Started DsbBackendApplicationTests in 0.522 seconds (process running for 0.975)
]]></system-out>
  <system-err><![CDATA[]]></system-err>
</testsuite>
